Using pre-set license

 COMMAND LINE ARGUMENTS:
/Applications/Unity/Hub/Editor/2020.3.6f1/Unity.app/Contents/MacOS/Unity
-adb2
-batchMode
-noUpm
-name
AssetImportWorker0
-projectPath
/Users/t032fj/Desktop/Unity/English
-logFile
Logs/AssetImportWorker0.log
-srvPort
52559
Successfully changed project path to: /Users/t032fj/Desktop/Unity/English
/Users/t032fj/Desktop/Unity/English
Using Asset Import Pipeline V2.
Refreshing native plugins compatible for Editor in 33.01 ms, found 2 plugins.
Preloading 0 native plugins for Editor in 0.00 ms.
Initialize engine version: 2020.3.6f1 (338bb68529b2)
[Subsystems] Discovering subsystems at path /Applications/Unity/Hub/Editor/2020.3.6f1/Unity.app/Contents/Resources/UnitySubsystems
[Subsystems] Discovering subsystems at path /Users/t032fj/Desktop/Unity/English/Assets
GfxDevice: creating device client; threaded=0
2021-08-21 22:35:04.912 Unity[21545:766184] (null) preferred device: Apple M1 (high power)
2021-08-21 22:35:04.912 Unity[21545:766184] Metal devices available: 1
2021-08-21 22:35:04.912 Unity[21545:766184] 0: Apple M1 (high power)
2021-08-21 22:35:04.912 Unity[21545:766184] Using device Apple M1 (high power)
Initializing Metal device caps: Apple M1
Initialize mono
Mono path[0] = '/Applications/Unity/Hub/Editor/2020.3.6f1/Unity.app/Contents/Managed'
Mono path[1] = '/Applications/Unity/Hub/Editor/2020.3.6f1/Unity.app/Contents/MonoBleedingEdge/lib/mono/unityjit'
Mono config path = '/Applications/Unity/Hub/Editor/2020.3.6f1/Unity.app/Contents/MonoBleedingEdge/etc'
Using monoOptions --debugger-agent=transport=dt_socket,embedding=1,server=y,suspend=n,address=127.0.0.1:56545
Begin MonoManager ReloadAssembly
Registering precompiled unity dll's ...
Register platform support module: /Applications/Unity/Hub/Editor/2020.3.6f1/Unity.app/Contents/PlaybackEngines/MacStandaloneSupport/UnityEditor.OSXStandalone.Extensions.dll
Registered in 0.001925 seconds.
Native extension for OSXStandalone target not found
Refreshing native plugins compatible for Editor in 34.30 ms, found 2 plugins.
Preloading 0 native plugins for Editor in 0.00 ms.
Mono: successfully reloaded assembly
- Completed reload, in  2.063 seconds
Platform modules already initialized, skipping
Registering precompiled user dll's ...
Registered in 0.000688 seconds.
Begin MonoManager ReloadAssembly
Native extension for OSXStandalone target not found
Refreshing native plugins compatible for Editor in 33.07 ms, found 2 plugins.
Preloading 0 native plugins for Editor in 0.00 ms.
Mono: successfully reloaded assembly
- Completed reload, in  1.893 seconds
Platform modules already initialized, skipping
========================================================================
Worker process is ready to serve import requests
Launching external process: /Applications/Unity/Hub/Editor/2020.3.6f1/Unity.app/Contents/Tools/UnityShaderCompiler
Launched and connected shader compiler UnityShaderCompiler after 0.03 seconds
Refreshing native plugins compatible for Editor in 0.30 ms, found 2 plugins.
Preloading 0 native plugins for Editor in 0.00 ms.
Unloading 1811 Unused Serialized files (Serialized files now loaded: 0)
System memory in use before: 145.0 MB.
System memory in use after: 144.9 MB.

Unloading 24 unused Assets to reduce memory usage. Loaded Objects now: 2254.
Total: 1.621792 ms (FindLiveObjects: 0.174125 ms CreateObjectMapping: 0.036209 ms MarkObjects: 1.289709 ms  DeleteObjects: 0.120958 ms)

========================================================================
Received Import Request.
  path: Assets/Script/CreateObject.cs
  artifactKey: Guid(5e5e61a3825022c4fabf82a34ab54add) Importer(815301076,1909f56bfc062723c751e8b465ee728b)
Start importing Assets/Script/CreateObject.cs using Guid(5e5e61a3825022c4fabf82a34ab54add) Importer(815301076,1909f56bfc062723c751e8b465ee728b)  -> (artifact id: 'eb9d3ed7758bae97057330f2b06eaae2') in 0.192412 seconds
  Import took 0.195821 seconds .

